<?xml version="1.0" encoding="UTF-8"?>
<!-- Generated by org.testng.reporters.JUnitReportReporter -->
<testsuite skipped="0" hostname="Nividous" name="SampleSelenium" tests="1" failures="0" timestamp="18 Apr 2018 12:26:53 GMT" time="10.293" errors="0">
  <testcase name="sample" time="10.293" classname="SampleSelenium"/>
</testsuite> <!-- SampleSelenium -->
