<?xml version="1.0" encoding="UTF-8"?>
<!-- Generated by org.testng.reporters.JUnitReportReporter -->
<testsuite skipped="0" hostname="Nividous" name="ObjectRepository" tests="1" failures="0" timestamp="23 May 2017 12:31:46 GMT" time="0.810" errors="0">
  <testcase name="Calc_Operations" time="0.810" classname="ObjectRepository"/>
</testsuite> <!-- ObjectRepository -->
