<?xml version="1.0" encoding="UTF-8"?>
<!-- Generated by org.testng.reporters.JUnitReportReporter -->
<testsuite hostname="Nividous" name="ElementByClassname" tests="1" failures="0" timestamp="29 Mar 2017 07:52:42 GMT" time="0.486" errors="0">
  <testcase name="test" time="0.486" classname="ElementByClassname"/>
</testsuite> <!-- ElementByClassname -->
