<?xml version="1.0" encoding="UTF-8"?>
<!-- Generated by org.testng.reporters.JUnitReportReporter -->
<testsuite skipped="0" hostname="Nividous" name="MySQL.MySqlReadData1" tests="1" failures="0" timestamp="19 Jul 2018 10:20:39 GMT" time="10.473" errors="0">
  <testcase name="printTableData" time="10.473" classname="MySQL.MySqlReadData1"/>
</testsuite> <!-- MySQL.MySqlReadData1 -->
