<?xml version="1.0" encoding="UTF-8"?>
<!-- Generated by org.testng.reporters.JUnitReportReporter -->
<testsuite skipped="0" hostname="Nividous" name="TestNG.Grouping" tests="3" failures="0" timestamp="11 Apr 2018 13:38:09 GMT" time="0.045" errors="0">
  <testcase name="Car2" time="0.024" classname="TestNG.Grouping"/>
  <testcase name="Sedan1" time="0.011" classname="TestNG.Grouping"/>
  <testcase name="car1" time="0.010" classname="TestNG.Grouping"/>
</testsuite> <!-- TestNG.Grouping -->
