<?xml version="1.0" encoding="UTF-8"?>
<!-- Generated by org.testng.reporters.JUnitReportReporter -->
<testsuite skipped="0" hostname="Nividous" name="ParameterizedTest1" tests="1" failures="0" timestamp="23 Jun 2017 18:05:38 GMT" time="0.015" errors="0">
  <testcase name="parameterTest" time="0.015" classname="ParameterizedTest1"/>
</testsuite> <!-- ParameterizedTest1 -->
