<?xml version="1.0" encoding="UTF-8"?>
<!-- Generated by org.testng.reporters.JUnitReportReporter -->
<testsuite hostname="Nividous" name="ExecutingJavaScript" tests="1" failures="0" timestamp="4 Apr 2017 10:07:01 GMT" time="0.079" errors="0">
  <testcase name="test" time="0.079" classname="ExecutingJavaScript"/>
</testsuite> <!-- ExecutingJavaScript -->
