<?xml version="1.0" encoding="UTF-8"?>
<!-- Generated by org.testng.reporters.JUnitReportReporter -->
<testsuite skipped="0" hostname="Nividous" name="MySQL.UpdateRecordInDB" tests="1" failures="0" timestamp="21 Aug 2017 13:01:45 GMT" time="0.513" errors="0">
  <testcase name="printTableData" time="0.513" classname="MySQL.UpdateRecordInDB"/>
</testsuite> <!-- MySQL.UpdateRecordInDB -->
