<?xml version="1.0" encoding="UTF-8"?>
<!-- Generated by org.testng.reporters.JUnitReportReporter -->
<testsuite hostname="Nividous" name="MultiSelectCommands" tests="1" failures="0" timestamp="29 Mar 2017 12:14:10 GMT" time="16.134" errors="0">
  <testcase name="test" time="16.134" classname="MultiSelectCommands"/>
</testsuite> <!-- MultiSelectCommands -->
