<?xml version="1.0" encoding="UTF-8"?>
<!-- Generated by org.testng.reporters.JUnitReportReporter -->
<testsuite skipped="0" hostname="Nividous" name="DomainName" tests="1" failures="0" timestamp="30 Jul 2018 12:13:23 GMT" time="0.317" errors="0">
  <testcase name="test" time="0.317" classname="DomainName"/>
</testsuite> <!-- DomainName -->
