<?xml version="1.0" encoding="UTF-8"?>
<!-- Generated by org.testng.reporters.JUnitReportReporter -->
<testsuite skipped="0" hostname="Nividous" name="GetPageTitle" tests="2" failures="0" timestamp="08 Jun 2018 08:43:16 GMT" time="5.233" errors="0">
  <testcase name="test" time="5.228" classname="GetPageTitle"/>
  <testcase name="test2" time="0.005" classname="GetPageTitle"/>
</testsuite> <!-- GetPageTitle -->
