<?xml version="1.0" encoding="UTF-8"?>
<!-- Generated by org.testng.reporters.JUnitReportReporter -->
<testsuite skipped="0" hostname="Nividous" name="ProxySettings" tests="1" failures="0" timestamp="20 May 2017 10:25:30 GMT" time="0.008" errors="0">
  <testcase name="start" time="0.008" classname="ProxySettings"/>
</testsuite> <!-- ProxySettings -->
