<?xml version="1.0" encoding="UTF-8"?>
<!-- Generated by org.testng.reporters.JUnitReportReporter -->
<testsuite skipped="0" hostname="Nividous" name="TestNG.TestParallelClassOne" tests="2" failures="0" timestamp="26 Sep 2018 09:29:03 GMT" time="0.035" errors="0">
  <testcase name="testCaseTwo" time="0.016" classname="TestNG.TestParallelClassOne"/>
  <testcase name="testCaseOne" time="0.019" classname="TestNG.TestParallelClassOne"/>
</testsuite> <!-- TestNG.TestParallelClassOne -->
