<?xml version="1.0" encoding="UTF-8"?>
<!-- Generated by org.testng.reporters.JUnitReportReporter -->
<testsuite skipped="0" hostname="Nividous" name="MySqlReadData" tests="1" failures="0" timestamp="21 Aug 2017 12:43:22 GMT" time="0.646" errors="0">
  <testcase name="printTableData" time="0.646" classname="MySqlReadData"/>
</testsuite> <!-- MySqlReadData -->
