<?xml version="1.0" encoding="UTF-8"?>
<!-- Generated by org.testng.reporters.JUnitReportReporter -->
<testsuite skipped="0" hostname="Nividous" name="Noofrowsandcols" tests="1" failures="0" timestamp="02 Aug 2017 12:50:15 GMT" time="7.762" errors="0">
  <testcase name="test" time="7.762" classname="Noofrowsandcols"/>
</testsuite> <!-- Noofrowsandcols -->
