<?xml version="1.0" encoding="UTF-8"?>
<!-- Generated by org.testng.reporters.JUnitReportReporter -->
<testsuite skipped="0" hostname="Nividous" name="ElementPresent" tests="1" failures="0" timestamp="30 Jul 2018 12:39:47 GMT" time="0.096" errors="0">
  <testcase name="test" time="0.096" classname="ElementPresent"/>
</testsuite> <!-- ElementPresent -->
