<?xml version="1.0" encoding="UTF-8"?>
<!-- Generated by org.testng.reporters.JUnitReportReporter -->
<testsuite skipped="0" hostname="Nividous" name="JavaSE_Test2" tests="1" failures="0" timestamp="01 Aug 2017 10:33:42 GMT" time="33.780" errors="0">
  <testcase name="Login" time="33.780" classname="JavaSE_Test2"/>
</testsuite> <!-- JavaSE_Test2 -->
