<?xml version="1.0" encoding="UTF-8"?>
<!-- Generated by org.testng.reporters.JUnitReportReporter -->
<testsuite skipped="0" hostname="Nividous" name="setPriority" tests="3" failures="0" timestamp="19 Jun 2017 07:38:55 GMT" time="0.027" errors="0">
  <testcase name="Login" time="0.017" classname="setPriority"/>
  <testcase name="checkMail" time="0.006" classname="setPriority"/>
  <testcase name="LogOut" time="0.004" classname="setPriority"/>
</testsuite> <!-- setPriority -->
