<?xml version="1.0" encoding="UTF-8"?>
<!-- Generated by org.testng.reporters.JUnitReportReporter -->
<testsuite skipped="0" hostname="Nividous" name="TestNG.TestngAnnoExeSequence" tests="2" failures="0" timestamp="11 Apr 2018 13:05:13 GMT" time="0.038" errors="0">
  <testcase name="testCase1" time="0.029" classname="TestNG.TestngAnnoExeSequence"/>
  <testcase name="testCase2" time="0.009" classname="TestNG.TestngAnnoExeSequence"/>
</testsuite> <!-- TestNG.TestngAnnoExeSequence -->
