<?xml version="1.0" encoding="UTF-8"?>
<!-- Generated by org.testng.reporters.JUnitReportReporter -->
<testsuite skipped="0" hostname="Nividous" name="Scrolling.Scrolling" tests="1" failures="0" timestamp="17 Aug 2017 09:53:55 GMT" time="3.072" errors="0">
  <testcase name="Scroll_Page" time="3.072" classname="Scrolling.Scrolling"/>
</testsuite> <!-- Scrolling.Scrolling -->
