<?xml version="1.0" encoding="UTF-8"?>
<!-- Generated by org.testng.reporters.JUnitReportReporter -->
<testsuite skipped="0" hostname="Nividous" name="WebPageTableData" tests="1" failures="0" timestamp="03 Aug 2017 07:51:12 GMT" time="0.502" errors="0">
  <testcase name="print_data" time="0.502" classname="WebPageTableData"/>
</testsuite> <!-- WebPageTableData -->
