<?xml version="1.0" encoding="UTF-8"?>
<!-- Generated by org.testng.reporters.JUnitReportReporter -->
<testsuite hostname="Nividous" name="DropDownCommands" tests="1" failures="0" timestamp="29 Mar 2017 11:33:37 GMT" time="4.812" errors="0">
  <testcase name="test" time="4.812" classname="DropDownCommands"/>
</testsuite> <!-- DropDownCommands -->
