<?xml version="1.0" encoding="UTF-8"?>
<!-- Generated by org.testng.reporters.JUnitReportReporter -->
<testsuite skipped="0" hostname="Nividous" name="TestNG.TestParameters" tests="2" failures="0" timestamp="26 Sep 2018 09:49:07 GMT" time="0.013" errors="0">
  <testcase name="testCaseTwo" time="0.000" classname="TestNG.TestParameters"/>
  <testcase name="testCaseOne" time="0.013" classname="TestNG.TestParameters"/>
</testsuite> <!-- TestNG.TestParameters -->
