<?xml version="1.0" encoding="UTF-8"?>
<!-- Generated by org.testng.reporters.JUnitReportReporter -->
<testsuite skipped="0" hostname="Nividous" name="ElementById" tests="2" failures="0" timestamp="05 Apr 2018 10:21:36 GMT" time="19.295" errors="0">
  <testcase name="test" time="8.514" classname="ElementById"/>
  <testcase name="test2" time="10.781" classname="ElementById"/>
</testsuite> <!-- ElementById -->
