<?xml version="1.0" encoding="UTF-8"?>
<!-- Generated by org.testng.reporters.JUnitReportReporter -->
<testsuite skipped="0" hostname="Nividous" name="WindowSizePosition" tests="2" failures="0" timestamp="23 Jun 2017 18:34:06 GMT" time="0.317" errors="0">
  <testcase name="setGetWinSize" time="0.059" classname="WindowSizePosition"/>
  <testcase name="setGetWinPosition" time="0.258" classname="WindowSizePosition"/>
</testsuite> <!-- WindowSizePosition -->
