<?xml version="1.0" encoding="UTF-8"?>
<!-- Generated by org.testng.reporters.JUnitReportReporter -->
<testsuite hostname="Nividous" name="TabSwiching" tests="1" failures="0" timestamp="5 Apr 2017 08:39:52 GMT" time="21.458" errors="0">
  <testcase name="testTabs" time="21.458" classname="TabSwiching"/>
</testsuite> <!-- TabSwiching -->
