<?xml version="1.0" encoding="UTF-8"?>
<!-- Generated by org.testng.reporters.JUnitReportReporter -->
<testsuite hostname="Nividous" name="ElementByTagname" tests="1" failures="0" timestamp="29 Mar 2017 10:01:02 GMT" time="0.132" errors="0">
  <testcase name="test" time="0.132" classname="ElementByTagname"/>
</testsuite> <!-- ElementByTagname -->
